<?xml version="1.0" encoding="UTF-8"?>
<!-- Generated by org.testng.reporters.JUnitReportReporter -->
<testsuite hostname="DESKTOP-IOTR1HB" failures="0" tests="1" name="pack1.P3" time="0.037" errors="0" timestamp="2024-01-09T13:22:43 IST" skipped="0">
  <testcase classname="pack1.P3" name="add" time="0.037"/>
  <system-out/>
</testsuite> <!-- pack1.P3 -->
